<?xml version="1.0" encoding="UTF-8"?>
<robot generator="Robot 6.0.2 (Python 3.10.4 on win32)" generated="20230127 17:31:25.425" rpa="false" schemaversion="3">
<suite id="s1" name="Android App" source="C:\caption_project\Appium_assessment_Udemy\android_app.robot">
<test id="s1-t1" name="TC1" line="5">
<kw name="Open Application" library="AppiumLibrary">
<arg>remote_url=http://localhost:4723/wd/hub</arg>
<arg>platformName=android</arg>
<arg>deviceName=oneplus</arg>
<arg>appPackage=com.udemy.android</arg>
<arg>appActivity=com.udemy.android.CombinedDeepLinkActivity</arg>
<doc>Opens a new application to given Appium server.
Capabilities of appium server, Android and iOS,
Please check https://github.com/appium/appium/blob/master/docs/en/writing-running-appium/server-args.md
| *Option*            | *Man.* | *Description*     |
| remote_url          | Yes    | Appium server url |
| alias               | no     | alias             |
| strict_ssl          | No     | allows you to send commands to an invalid certificate host like a self-signed one. |</doc>
<status status="PASS" starttime="20230127 17:31:25.761" endtime="20230127 17:31:36.815"/>
</kw>
<kw name="Set Appium Timeout" library="AppiumLibrary">
<arg>20s</arg>
<doc>Sets the timeout in seconds used by various keywords.</doc>
<status status="PASS" starttime="20230127 17:31:36.815" endtime="20230127 17:31:36.815"/>
</kw>
<kw name="Wait Until Page Contains Element" library="AppiumLibrary">
<arg>xpath=//android.widget.Button[@text='Sign In']</arg>
<doc>Waits until element specified with `locator` appears on current page.</doc>
<msg timestamp="20230127 17:31:40.153" level="INFO">xpath criteria: //android.widget.Button[@text='Sign In']
xpath criteria: //android.widget.Button[@text='Sign In']
xpath criteria: //android.widget.Button[@text='Sign In']
xpath criteria: //android.widget.Button[@text='Sign In']
xpath criteria: //android.widget.Button[@text='Sign In']
xpath criteria: //android.widget.Button[@text='Sign In']
xpath criteria: //android.widget.Button[@text='Sign In']
xpath criteria: //android.widget.Button[@text='Sign In']</msg>
<status status="PASS" starttime="20230127 17:31:36.815" endtime="20230127 17:31:40.153"/>
</kw>
<kw name="Click Element" library="AppiumLibrary">
<arg>xpath=//android.widget.Button[@text='Sign In']</arg>
<doc>Click element identified by `locator`.</doc>
<msg timestamp="20230127 17:31:40.157" level="INFO">Clicking element 'xpath=//android.widget.Button[@text='Sign In']'.</msg>
<msg timestamp="20230127 17:31:40.208" level="INFO">xpath criteria: //android.widget.Button[@text='Sign In']</msg>
<status status="PASS" starttime="20230127 17:31:40.153" endtime="20230127 17:31:40.212"/>
</kw>
<kw name="Wait Until Page Contains Element" library="AppiumLibrary">
<arg>xpath=//android.widget.Button[@text='Create an account']</arg>
<doc>Waits until element specified with `locator` appears on current page.</doc>
<msg timestamp="20230127 17:31:40.295" level="INFO">xpath criteria: //android.widget.Button[@text='Create an account']</msg>
<status status="PASS" starttime="20230127 17:31:40.212" endtime="20230127 17:31:40.295"/>
</kw>
<kw name="Click Element" library="AppiumLibrary">
<arg>xpath=//android.widget.Button[@text='Create an account']</arg>
<doc>Click element identified by `locator`.</doc>
<msg timestamp="20230127 17:31:40.295" level="INFO">Clicking element 'xpath=//android.widget.Button[@text='Create an account']'.</msg>
<msg timestamp="20230127 17:31:40.797" level="INFO">xpath criteria: //android.widget.Button[@text='Create an account']</msg>
<status status="PASS" starttime="20230127 17:31:40.295" endtime="20230127 17:31:40.801"/>
</kw>
<kw name="Wait Until Page Contains Element" library="AppiumLibrary">
<arg>xpath=//android.widget.TextView[@text='Sign up with email']</arg>
<doc>Waits until element specified with `locator` appears on current page.</doc>
<msg timestamp="20230127 17:31:41.422" level="INFO">xpath criteria: //android.widget.TextView[@text='Sign up with email']</msg>
<status status="PASS" starttime="20230127 17:31:40.801" endtime="20230127 17:31:41.422"/>
</kw>
<kw name="Click Element" library="AppiumLibrary">
<arg>xpath=//android.widget.TextView[@text='Sign up with email']</arg>
<doc>Click element identified by `locator`.</doc>
<msg timestamp="20230127 17:31:41.426" level="INFO">Clicking element 'xpath=//android.widget.TextView[@text='Sign up with email']'.</msg>
<msg timestamp="20230127 17:31:41.518" level="INFO">xpath criteria: //android.widget.TextView[@text='Sign up with email']</msg>
<status status="PASS" starttime="20230127 17:31:41.422" endtime="20230127 17:31:41.518"/>
</kw>
<kw name="Wait Until Page Contains Element" library="AppiumLibrary">
<arg>xpath=//android.widget.Button[@text='Sign In']</arg>
<doc>Waits until element specified with `locator` appears on current page.</doc>
<msg timestamp="20230127 17:31:41.590" level="INFO">xpath criteria: //android.widget.Button[@text='Sign In']</msg>
<status status="PASS" starttime="20230127 17:31:41.518" endtime="20230127 17:31:41.590"/>
</kw>
<kw name="Click Element" library="AppiumLibrary">
<arg>xpath=//android.widget.Button[@text='Sign In']</arg>
<doc>Click element identified by `locator`.</doc>
<msg timestamp="20230127 17:31:41.593" level="INFO">Clicking element 'xpath=//android.widget.Button[@text='Sign In']'.</msg>
<msg timestamp="20230127 17:31:42.240" level="INFO">xpath criteria: //android.widget.Button[@text='Sign In']</msg>
<status status="PASS" starttime="20230127 17:31:41.590" endtime="20230127 17:31:42.240"/>
</kw>
<kw name="Wait Until Page Contains Element" library="AppiumLibrary">
<arg>xpath=//android.widget.EditText[@text='Email']</arg>
<doc>Waits until element specified with `locator` appears on current page.</doc>
<msg timestamp="20230127 17:31:42.992" level="INFO">xpath criteria: //android.widget.EditText[@text='Email']</msg>
<status status="PASS" starttime="20230127 17:31:42.240" endtime="20230127 17:31:42.992"/>
</kw>
<kw name="Input Text" library="AppiumLibrary">
<arg>xpath=//android.widget.EditText[@text='Email']</arg>
<arg>suryavenkatesan6@gmail.com</arg>
<doc>Types the given `text` into text field identified by `locator`.</doc>
<msg timestamp="20230127 17:31:42.996" level="INFO">Typing text 'suryavenkatesan6@gmail.com' into text field 'xpath=//android.widget.EditText[@text='Email']'</msg>
<msg timestamp="20230127 17:31:44.177" level="INFO">xpath criteria: //android.widget.EditText[@text='Email']</msg>
<status status="PASS" starttime="20230127 17:31:42.992" endtime="20230127 17:31:44.177"/>
</kw>
<kw name="Wait Until Page Contains Element" library="AppiumLibrary">
<arg>xpath=//android.widget.Button[@text='Next']</arg>
<doc>Waits until element specified with `locator` appears on current page.</doc>
<msg timestamp="20230127 17:31:44.822" level="INFO">xpath criteria: //android.widget.Button[@text='Next']</msg>
<status status="PASS" starttime="20230127 17:31:44.181" endtime="20230127 17:31:44.822"/>
</kw>
<kw name="Click Element" library="AppiumLibrary">
<arg>xpath=//android.widget.Button[@text='Next']</arg>
<doc>Click element identified by `locator`.</doc>
<msg timestamp="20230127 17:31:44.826" level="INFO">Clicking element 'xpath=//android.widget.Button[@text='Next']'.</msg>
<msg timestamp="20230127 17:31:44.918" level="INFO">xpath criteria: //android.widget.Button[@text='Next']</msg>
<status status="PASS" starttime="20230127 17:31:44.822" endtime="20230127 17:31:44.918"/>
</kw>
<kw name="Wait Until Page Contains Element" library="AppiumLibrary">
<arg>xpath=//android.widget.EditText[@text='Password (8+ characters)']</arg>
<doc>Waits until element specified with `locator` appears on current page.</doc>
<msg timestamp="20230127 17:31:44.966" level="INFO">xpath criteria: //android.widget.EditText[@text='Password (8+ characters)']</msg>
<status status="PASS" starttime="20230127 17:31:44.918" endtime="20230127 17:31:44.966"/>
</kw>
<kw name="Input Text" library="AppiumLibrary">
<arg>xpath=//android.widget.EditText[@text='Password (8+ characters)']</arg>
<arg>surya2001</arg>
<doc>Types the given `text` into text field identified by `locator`.</doc>
<msg timestamp="20230127 17:31:44.970" level="INFO">Typing text 'surya2001' into text field 'xpath=//android.widget.EditText[@text='Password (8+ characters)']'</msg>
<msg timestamp="20230127 17:31:46.570" level="INFO">xpath criteria: //android.widget.EditText[@text='Password (8+ characters)']</msg>
<status status="PASS" starttime="20230127 17:31:44.970" endtime="20230127 17:31:46.570"/>
</kw>
<kw name="Wait Until Page Contains Element" library="AppiumLibrary">
<arg>xpath=//android.widget.Button[@text='Sign In']</arg>
<doc>Waits until element specified with `locator` appears on current page.</doc>
<msg timestamp="20230127 17:31:47.227" level="INFO">xpath criteria: //android.widget.Button[@text='Sign In']</msg>
<status status="PASS" starttime="20230127 17:31:46.570" endtime="20230127 17:31:47.227"/>
</kw>
<kw name="Click Element" library="AppiumLibrary">
<arg>xpath=//android.widget.Button[@text='Sign In']</arg>
<doc>Click element identified by `locator`.</doc>
<msg timestamp="20230127 17:31:47.227" level="INFO">Clicking element 'xpath=//android.widget.Button[@text='Sign In']'.</msg>
<msg timestamp="20230127 17:31:47.312" level="INFO">xpath criteria: //android.widget.Button[@text='Sign In']</msg>
<status status="PASS" starttime="20230127 17:31:47.227" endtime="20230127 17:31:47.312"/>
</kw>
<kw name="Wait Until Page Contains Element" library="AppiumLibrary">
<arg>xpath=//android.widget.Button[@text='Skip']</arg>
<doc>Waits until element specified with `locator` appears on current page.</doc>
<msg timestamp="20230127 17:32:00.276" level="INFO">xpath criteria: //android.widget.Button[@text='Skip']
xpath criteria: //android.widget.Button[@text='Skip']
xpath criteria: //android.widget.Button[@text='Skip']
xpath criteria: //android.widget.Button[@text='Skip']
xpath criteria: //android.widget.Button[@text='Skip']
xpath criteria: //android.widget.Button[@text='Skip']
xpath criteria: //android.widget.Button[@text='Skip']
xpath criteria: //android.widget.Button[@text='Skip']
xpath criteria: //android.widget.Button[@text='Skip']
xpath criteria: //android.widget.Button[@text='Skip']
xpath criteria: //android.widget.Button[@text='Skip']
xpath criteria: //android.widget.Button[@text='Skip']
xpath criteria: //android.widget.Button[@text='Skip']
xpath criteria: //android.widget.Button[@text='Skip']
xpath criteria: //android.widget.Button[@text='Skip']
xpath criteria: //android.widget.Button[@text='Skip']
xpath criteria: //android.widget.Button[@text='Skip']
xpath criteria: //android.widget.Button[@text='Skip']
xpath criteria: //android.widget.Button[@text='Skip']
xpath criteria: //android.widget.Button[@text='Skip']
xpath criteria: //android.widget.Button[@text='Skip']
xpath criteria: //android.widget.Button[@text='Skip']
xpath criteria: //android.widget.Button[@text='Skip']
xpath criteria: //android.widget.Button[@text='Skip']
xpath criteria: //android.widget.Button[@text='Skip']
xpath criteria: //android.widget.Button[@text='Skip']
xpath criteria: //android.widget.Button[@text='Skip']
xpath criteria: //android.widget.Button[@text='Skip']
xpath criteria: //android.widget.Button[@text='Skip']
xpath criteria: //android.widget.Button[@text='Skip']
xpath criteria: //android.widget.Button[@text='Skip']
xpath criteria: //android.widget.Button[@text='Skip']
xpath criteria: //android.widget.Button[@text='Skip']
xpath criteria: //android.widget.Button[@text='Skip']
xpath criteria: //android.widget.Button[@text='Skip']
xpath criteria: //android.widget.Button[@text='Skip']
xpath criteria: //android.widget.Button[@text='Skip']
xpath criteria: //android.widget.Button[@text='Skip']
xpath criteria: //android.widget.Button[@text='Skip']
xpath criteria: //android.widget.Button[@text='Skip']
xpath criteria: //android.widget.Button[@text='Skip']
xpath criteria: //android.widget.Button[@text='Skip']
xpath criteria: //android.widget.Button[@text='Skip']
xpath criteria: //android.widget.Button[@text='Skip']</msg>
<status status="PASS" starttime="20230127 17:31:47.312" endtime="20230127 17:32:00.276"/>
</kw>
<kw name="Click Element" library="AppiumLibrary">
<arg>xpath=//android.widget.Button[@text='Skip']</arg>
<doc>Click element identified by `locator`.</doc>
<msg timestamp="20230127 17:32:00.280" level="INFO">Clicking element 'xpath=//android.widget.Button[@text='Skip']'.</msg>
<msg timestamp="20230127 17:32:00.952" level="INFO">xpath criteria: //android.widget.Button[@text='Skip']</msg>
<status status="PASS" starttime="20230127 17:32:00.276" endtime="20230127 17:32:00.953"/>
</kw>
<kw name="Get Matching Xpath Count" library="AppiumLibrary">
<var>${count}</var>
<arg>xpath=//*[@text='Top courses in Personal Development']</arg>
<doc>Returns number of elements matching ``xpath``</doc>
<msg timestamp="20230127 17:32:01.023" level="INFO">xpath criteria: //*[@text='Top courses in Personal Development']</msg>
<msg timestamp="20230127 17:32:01.023" level="INFO">${count} = 0</msg>
<status status="PASS" starttime="20230127 17:32:00.953" endtime="20230127 17:32:01.023"/>
</kw>
<while condition="${count}==0">
<iter>
<kw name="Swipe By Percent" library="AppiumLibrary">
<arg>90</arg>
<arg>75</arg>
<arg>95</arg>
<arg>25</arg>
<doc>Swipe from one percent of the screen to another percent, for an optional duration.
Normal swipe fails to scale for different screen resolutions, this can be avoided using percent.</doc>
<status status="PASS" starttime="20230127 17:32:01.027" endtime="20230127 17:32:02.354"/>
</kw>
<kw name="Get Matching Xpath Count" library="AppiumLibrary">
<var>${count}</var>
<arg>xpath=//*[@text='Top courses in Personal Development']</arg>
<doc>Returns number of elements matching ``xpath``</doc>
<msg timestamp="20230127 17:32:03.497" level="INFO">xpath criteria: //*[@text='Top courses in Personal Development']</msg>
<msg timestamp="20230127 17:32:03.497" level="INFO">${count} = 0</msg>
<status status="PASS" starttime="20230127 17:32:02.354" endtime="20230127 17:32:03.497"/>
</kw>
<status status="PASS" starttime="20230127 17:32:01.027" endtime="20230127 17:32:03.497"/>
</iter>
<iter>
<kw name="Swipe By Percent" library="AppiumLibrary">
<arg>90</arg>
<arg>75</arg>
<arg>95</arg>
<arg>25</arg>
<doc>Swipe from one percent of the screen to another percent, for an optional duration.
Normal swipe fails to scale for different screen resolutions, this can be avoided using percent.</doc>
<status status="PASS" starttime="20230127 17:32:03.497" endtime="20230127 17:32:04.830"/>
</kw>
<kw name="Get Matching Xpath Count" library="AppiumLibrary">
<var>${count}</var>
<arg>xpath=//*[@text='Top courses in Personal Development']</arg>
<doc>Returns number of elements matching ``xpath``</doc>
<msg timestamp="20230127 17:32:05.963" level="INFO">xpath criteria: //*[@text='Top courses in Personal Development']</msg>
<msg timestamp="20230127 17:32:05.963" level="INFO">${count} = 0</msg>
<status status="PASS" starttime="20230127 17:32:04.830" endtime="20230127 17:32:05.963"/>
</kw>
<status status="PASS" starttime="20230127 17:32:03.497" endtime="20230127 17:32:05.963"/>
</iter>
<iter>
<kw name="Swipe By Percent" library="AppiumLibrary">
<arg>90</arg>
<arg>75</arg>
<arg>95</arg>
<arg>25</arg>
<doc>Swipe from one percent of the screen to another percent, for an optional duration.
Normal swipe fails to scale for different screen resolutions, this can be avoided using percent.</doc>
<status status="PASS" starttime="20230127 17:32:05.963" endtime="20230127 17:32:07.283"/>
</kw>
<kw name="Get Matching Xpath Count" library="AppiumLibrary">
<var>${count}</var>
<arg>xpath=//*[@text='Top courses in Personal Development']</arg>
<doc>Returns number of elements matching ``xpath``</doc>
<msg timestamp="20230127 17:32:08.932" level="INFO">xpath criteria: //*[@text='Top courses in Personal Development']</msg>
<msg timestamp="20230127 17:32:08.932" level="INFO">${count} = 0</msg>
<status status="PASS" starttime="20230127 17:32:07.283" endtime="20230127 17:32:08.932"/>
</kw>
<status status="PASS" starttime="20230127 17:32:05.963" endtime="20230127 17:32:08.932"/>
</iter>
<iter>
<kw name="Swipe By Percent" library="AppiumLibrary">
<arg>90</arg>
<arg>75</arg>
<arg>95</arg>
<arg>25</arg>
<doc>Swipe from one percent of the screen to another percent, for an optional duration.
Normal swipe fails to scale for different screen resolutions, this can be avoided using percent.</doc>
<status status="PASS" starttime="20230127 17:32:08.936" endtime="20230127 17:32:10.266"/>
</kw>
<kw name="Get Matching Xpath Count" library="AppiumLibrary">
<var>${count}</var>
<arg>xpath=//*[@text='Top courses in Personal Development']</arg>
<doc>Returns number of elements matching ``xpath``</doc>
<msg timestamp="20230127 17:32:11.370" level="INFO">xpath criteria: //*[@text='Top courses in Personal Development']</msg>
<msg timestamp="20230127 17:32:11.372" level="INFO">${count} = 0</msg>
<status status="PASS" starttime="20230127 17:32:10.266" endtime="20230127 17:32:11.372"/>
</kw>
<status status="PASS" starttime="20230127 17:32:08.932" endtime="20230127 17:32:11.372"/>
</iter>
<iter>
<kw name="Swipe By Percent" library="AppiumLibrary">
<arg>90</arg>
<arg>75</arg>
<arg>95</arg>
<arg>25</arg>
<doc>Swipe from one percent of the screen to another percent, for an optional duration.
Normal swipe fails to scale for different screen resolutions, this can be avoided using percent.</doc>
<status status="PASS" starttime="20230127 17:32:11.372" endtime="20230127 17:32:12.724"/>
</kw>
<kw name="Get Matching Xpath Count" library="AppiumLibrary">
<var>${count}</var>
<arg>xpath=//*[@text='Top courses in Personal Development']</arg>
<doc>Returns number of elements matching ``xpath``</doc>
<msg timestamp="20230127 17:32:13.913" level="INFO">xpath criteria: //*[@text='Top courses in Personal Development']</msg>
<msg timestamp="20230127 17:32:13.913" level="INFO">${count} = 0</msg>
<status status="PASS" starttime="20230127 17:32:12.724" endtime="20230127 17:32:13.913"/>
</kw>
<status status="PASS" starttime="20230127 17:32:11.372" endtime="20230127 17:32:13.913"/>
</iter>
<iter>
<kw name="Swipe By Percent" library="AppiumLibrary">
<arg>90</arg>
<arg>75</arg>
<arg>95</arg>
<arg>25</arg>
<doc>Swipe from one percent of the screen to another percent, for an optional duration.
Normal swipe fails to scale for different screen resolutions, this can be avoided using percent.</doc>
<status status="PASS" starttime="20230127 17:32:13.917" endtime="20230127 17:32:15.249"/>
</kw>
<kw name="Get Matching Xpath Count" library="AppiumLibrary">
<var>${count}</var>
<arg>xpath=//*[@text='Top courses in Personal Development']</arg>
<doc>Returns number of elements matching ``xpath``</doc>
<msg timestamp="20230127 17:32:16.388" level="INFO">xpath criteria: //*[@text='Top courses in Personal Development']</msg>
<msg timestamp="20230127 17:32:16.388" level="INFO">${count} = 1</msg>
<status status="PASS" starttime="20230127 17:32:15.249" endtime="20230127 17:32:16.388"/>
</kw>
<status status="PASS" starttime="20230127 17:32:13.913" endtime="20230127 17:32:16.388"/>
</iter>
<status status="PASS" starttime="20230127 17:32:01.027" endtime="20230127 17:32:16.388"/>
</while>
<kw name="Wait Until Page Contains Element" library="AppiumLibrary">
<arg>xpath=//*[@text='Top courses in Personal Development']</arg>
<doc>Waits until element specified with `locator` appears on current page.</doc>
<msg timestamp="20230127 17:32:16.483" level="INFO">xpath criteria: //*[@text='Top courses in Personal Development']</msg>
<status status="PASS" starttime="20230127 17:32:16.388" endtime="20230127 17:32:16.483"/>
</kw>
<kw name="Click Element" library="AppiumLibrary">
<arg>xpath=//*[@text='Top courses in Personal Development']</arg>
<doc>Click element identified by `locator`.</doc>
<msg timestamp="20230127 17:32:16.483" level="INFO">Clicking element 'xpath=//*[@text='Top courses in Personal Development']'.</msg>
<msg timestamp="20230127 17:32:16.667" level="INFO">xpath criteria: //*[@text='Top courses in Personal Development']</msg>
<status status="PASS" starttime="20230127 17:32:16.483" endtime="20230127 17:32:16.667"/>
</kw>
<kw name="Wait Until Page Contains Element" library="AppiumLibrary">
<arg>xpath=//android.widget.TextView[contains(@text,'Featured courses')]</arg>
<doc>Waits until element specified with `locator` appears on current page.</doc>
<msg timestamp="20230127 17:32:20.669" level="INFO">xpath criteria: //android.widget.TextView[contains(@text,'Featured courses')]
xpath criteria: //android.widget.TextView[contains(@text,'Featured courses')]
xpath criteria: //android.widget.TextView[contains(@text,'Featured courses')]
xpath criteria: //android.widget.TextView[contains(@text,'Featured courses')]
xpath criteria: //android.widget.TextView[contains(@text,'Featured courses')]
xpath criteria: //android.widget.TextView[contains(@text,'Featured courses')]
xpath criteria: //android.widget.TextView[contains(@text,'Featured courses')]
xpath criteria: //android.widget.TextView[contains(@text,'Featured courses')]</msg>
<status status="PASS" starttime="20230127 17:32:16.667" endtime="20230127 17:32:20.671"/>
</kw>
<kw name="Element Should Contain Text" library="AppiumLibrary">
<arg>xpath=//android.widget.TextView[contains(@text,'Featured')]</arg>
<arg>Featured courses</arg>
<doc>Verifies element identified by ``locator`` contains text ``expected``.</doc>
<msg timestamp="20230127 17:32:20.675" level="INFO">Verifying element 'xpath=//android.widget.TextView[contains(@text,'Featured')]' contains text 'Featured courses'.</msg>
<msg timestamp="20230127 17:32:20.774" level="INFO">xpath criteria: //android.widget.TextView[contains(@text,'Featured')]</msg>
<status status="PASS" starttime="20230127 17:32:20.671" endtime="20230127 17:32:20.774"/>
</kw>
<kw name="Sleep" library="BuiltIn">
<arg>10s</arg>
<doc>Pauses the test executed for the given time.</doc>
<msg timestamp="20230127 17:32:30.786" level="INFO">Slept 10 seconds</msg>
<status status="PASS" starttime="20230127 17:32:20.774" endtime="20230127 17:32:30.786"/>
</kw>
<kw name="Close Application" library="AppiumLibrary" type="TEARDOWN">
<doc>Closes the current application and also close webdriver session.</doc>
<status status="PASS" starttime="20230127 17:32:30.786" endtime="20230127 17:32:31.258"/>
</kw>
<doc>working with udemy app</doc>
<status status="PASS" starttime="20230127 17:31:25.754" endtime="20230127 17:32:31.258"/>
</test>
<status status="PASS" starttime="20230127 17:31:25.440" endtime="20230127 17:32:31.258"/>
</suite>
<statistics>
<total>
<stat pass="1" fail="0" skip="0">All Tests</stat>
</total>
<tag>
</tag>
<suite>
<stat pass="1" fail="0" skip="0" id="s1" name="Android App">Android App</stat>
</suite>
</statistics>
<errors>
</errors>
</robot>
