<?xml version="1.0" encoding="UTF-8"?>
<robot generator="Robot 6.0.2 (Python 3.10.4 on win32)" generated="20230131 13:13:40.219" rpa="false" schemaversion="3">
<suite id="s1" name="Add To Cart Test" source="C:\caption_project\2__cart_suite\01__add_to_cart_test.robot">
<test id="s1-t1" name="Add To Cart Valid Test" line="13">
<kw name="Launch Browser And Navigate To Url" library="common_functionalities" type="SETUP">
<kw name="Open Browser" library="SeleniumLibrary">
<arg>browser=${BROWSER_NAME}</arg>
<doc>Opens a new browser instance to the optional ``url``.</doc>
<msg timestamp="20230131 13:13:41.624" level="INFO">Opening browser 'chrome' to base url 'None'.</msg>
<status status="PASS" starttime="20230131 13:13:41.623" endtime="20230131 13:13:43.425"/>
</kw>
<kw name="Maximize Browser Window" library="SeleniumLibrary">
<doc>Maximizes current browser window.</doc>
<status status="PASS" starttime="20230131 13:13:43.426" endtime="20230131 13:13:43.573"/>
</kw>
<kw name="Set Selenium Implicit Wait" library="SeleniumLibrary">
<arg>30s</arg>
<doc>Sets the implicit wait value used by Selenium.</doc>
<status status="PASS" starttime="20230131 13:13:43.574" endtime="20230131 13:13:43.581"/>
</kw>
<kw name="Go To" library="SeleniumLibrary">
<arg>url=${URL}</arg>
<doc>Navigates the current browser window to the provided ``url``.</doc>
<msg timestamp="20230131 13:13:43.582" level="INFO">Opening url 'https://www.kohls.com/'</msg>
<status status="PASS" starttime="20230131 13:13:43.581" endtime="20230131 13:13:53.536"/>
</kw>
<status status="PASS" starttime="20230131 13:13:41.622" endtime="20230131 13:13:53.537"/>
</kw>
<kw name="Add To Cart Valid Template">
<arg>suryavenkatesan6@gmail.com</arg>
<arg>Surya2001</arg>
<arg>Item added to Cart</arg>
<kw name="Click Element" library="SeleniumLibrary">
<arg>//a[@title='Account']</arg>
<doc>Click the element identified by ``locator``.</doc>
<msg timestamp="20230131 13:13:53.541" level="INFO">Clicking element '//a[@title='Account']'.</msg>
<status status="PASS" starttime="20230131 13:13:53.539" endtime="20230131 13:13:53.933"/>
</kw>
<kw name="Click Element" library="SeleniumLibrary">
<arg>class=account-signin</arg>
<doc>Click the element identified by ``locator``.</doc>
<msg timestamp="20230131 13:13:53.934" level="INFO">Clicking element 'class=account-signin'.</msg>
<status status="PASS" starttime="20230131 13:13:53.933" endtime="20230131 13:13:55.360"/>
</kw>
<kw name="Input Text" library="SeleniumLibrary">
<arg>xpath=//input[@name='loginEmail']</arg>
<arg>${username}</arg>
<doc>Types the given ``text`` into the text field identified by ``locator``.</doc>
<msg timestamp="20230131 13:13:55.363" level="INFO">Typing text 'suryavenkatesan6@gmail.com' into text field 'xpath=//input[@name='loginEmail']'.</msg>
<status status="PASS" starttime="20230131 13:13:55.361" endtime="20230131 13:14:03.172"/>
</kw>
<kw name="Input Password" library="SeleniumLibrary">
<arg>xpath=//input[@name='loginPassword']</arg>
<arg>${password}</arg>
<doc>Types the given password into the text field identified by ``locator``.</doc>
<msg timestamp="20230131 13:14:03.176" level="INFO">Typing password into text field 'xpath=//input[@name='loginPassword']'.</msg>
<msg timestamp="20230131 13:14:03.293" level="INFO">Temporally setting log level to: NONE</msg>
<msg timestamp="20230131 13:14:03.530" level="INFO">Log level changed from NONE to INFO.</msg>
<status status="PASS" starttime="20230131 13:14:03.172" endtime="20230131 13:14:03.530"/>
</kw>
<kw name="Click Element" library="SeleniumLibrary">
<arg>id=Profilelogin</arg>
<doc>Click the element identified by ``locator``.</doc>
<msg timestamp="20230131 13:14:03.532" level="INFO">Clicking element 'id=Profilelogin'.</msg>
<status status="PASS" starttime="20230131 13:14:03.532" endtime="20230131 13:14:04.188"/>
</kw>
<kw name="Click Element" library="SeleniumLibrary">
<arg>xpath=//span[text()='Shop by Category']</arg>
<doc>Click the element identified by ``locator``.</doc>
<msg timestamp="20230131 13:14:04.190" level="INFO">Clicking element 'xpath=//span[text()='Shop by Category']'.</msg>
<status status="PASS" starttime="20230131 13:14:04.189" endtime="20230131 13:14:04.470"/>
</kw>
<kw name="Click Element" library="SeleniumLibrary">
<arg>xpath=(//a[@class='navigation-item-link'])[10]</arg>
<doc>Click the element identified by ``locator``.</doc>
<msg timestamp="20230131 13:14:04.471" level="INFO">Clicking element 'xpath=(//a[@class='navigation-item-link'])[10]'.</msg>
<status status="PASS" starttime="20230131 13:14:04.470" endtime="20230131 13:14:06.879"/>
</kw>
<kw name="Click Element" library="SeleniumLibrary">
<arg>xpath=//a[text()=' Boots']</arg>
<doc>Click the element identified by ``locator``.</doc>
<msg timestamp="20230131 13:14:06.880" level="INFO">Clicking element 'xpath=//a[text()=' Boots']'.</msg>
<status status="PASS" starttime="20230131 13:14:06.879" endtime="20230131 13:14:14.619"/>
</kw>
<kw name="Click Element" library="SeleniumLibrary">
<arg>xpath=//div[@class='dy-lb-close']</arg>
<doc>Click the element identified by ``locator``.</doc>
<msg timestamp="20230131 13:14:14.622" level="INFO">Clicking element 'xpath=//div[@class='dy-lb-close']'.</msg>
<status status="PASS" starttime="20230131 13:14:14.620" endtime="20230131 13:14:15.523"/>
</kw>
<kw name="Click Element" library="SeleniumLibrary">
<arg>xpath=//p[text()='Dress Boots']</arg>
<doc>Click the element identified by ``locator``.</doc>
<msg timestamp="20230131 13:14:15.527" level="INFO">Clicking element 'xpath=//p[text()='Dress Boots']'.</msg>
<status status="PASS" starttime="20230131 13:14:15.524" endtime="20230131 13:14:24.027"/>
</kw>
<kw name="Click Element" library="SeleniumLibrary">
<arg>xpath=//p[@rel='/product/prd-3936276/aerosoles-cinnamon-womens-ankle-boots.jsp?prdPV=8']</arg>
<doc>Click the element identified by ``locator``.</doc>
<msg timestamp="20230131 13:14:24.029" level="INFO">Clicking element 'xpath=//p[@rel='/product/prd-3936276/aerosoles-cinnamon-womens-ankle-boots.jsp?prdPV=8']'.</msg>
<status status="PASS" starttime="20230131 13:14:24.027" endtime="20230131 13:14:25.412"/>
</kw>
<kw name="Click Element" library="SeleniumLibrary">
<arg>xpath=//input[@class='pdp-addtobag']</arg>
<doc>Click the element identified by ``locator``.</doc>
<msg timestamp="20230131 13:14:25.414" level="INFO">Clicking element 'xpath=//input[@class='pdp-addtobag']'.</msg>
<status status="PASS" starttime="20230131 13:14:25.413" endtime="20230131 13:14:29.377"/>
</kw>
<kw name="Page Should Contain" library="SeleniumLibrary">
<arg>${expected_text}</arg>
<doc>Verifies that current page contains ``text``.</doc>
<msg timestamp="20230131 13:14:31.224" level="INFO">Current page contains text 'Item added to Cart'.</msg>
<status status="PASS" starttime="20230131 13:14:29.378" endtime="20230131 13:14:31.225"/>
</kw>
<kw name="Sleep" library="BuiltIn">
<arg>5s</arg>
<doc>Pauses the test executed for the given time.</doc>
<msg timestamp="20230131 13:14:36.232" level="INFO">Slept 5 seconds</msg>
<status status="PASS" starttime="20230131 13:14:31.225" endtime="20230131 13:14:36.232"/>
</kw>
<status status="PASS" starttime="20230131 13:13:53.537" endtime="20230131 13:14:36.232"/>
</kw>
<kw name="Close Browser" library="SeleniumLibrary" type="TEARDOWN">
<doc>Closes the current browser.</doc>
<status status="PASS" starttime="20230131 13:14:36.233" endtime="20230131 13:14:38.724"/>
</kw>
<status status="PASS" starttime="20230131 13:13:41.620" endtime="20230131 13:14:38.724"/>
</test>
<doc>This file contains test cases related to add to cart for kohl's</doc>
<status status="PASS" starttime="20230131 13:13:40.222" endtime="20230131 13:14:38.727"/>
</suite>
<statistics>
<total>
<stat pass="1" fail="0" skip="0">All Tests</stat>
</total>
<tag>
</tag>
<suite>
<stat pass="1" fail="0" skip="0" id="s1" name="Add To Cart Test">Add To Cart Test</stat>
</suite>
</statistics>
<errors>
</errors>
</robot>
